Adding [systemProperties] PropertySource with lowest search precedence
Adding [systemEnvironment] PropertySource with lowest search precedence
Initialized StandardEnvironment with PropertySources [systemProperties,systemEnvironment]
Refreshing org.springframework.context.support.ClassPathXmlApplicationContext@72687235: startup date [Wed Mar 01 15:08:56 CST 2017]; root of context hierarchy
Adding [systemProperties] PropertySource with lowest search precedence
Adding [systemEnvironment] PropertySource with lowest search precedence
Initialized StandardEnvironment with PropertySources [systemProperties,systemEnvironment]
Loading XML bean definitions from class path resource [applicationContext.xml]
Using JAXP provider [com.sun.org.apache.xerces.internal.jaxp.DocumentBuilderFactoryImpl]
Loading schema mappings from [META-INF/spring.schemas]
Loaded schema mappings: {http://www.springframework.org/schema/cache/spring-cache-4.2.xsd=org/springframework/cache/config/spring-cache-4.2.xsd, http://www.springframework.org/schema/aop/spring-aop-4.1.xsd=org/springframework/aop/config/spring-aop-4.1.xsd, http://www.springframework.org/schema/context/spring-context-3.1.xsd=org/springframework/context/config/spring-context-3.1.xsd, http://www.springframework.org/schema/util/spring-util-3.0.xsd=org/springframework/beans/factory/xml/spring-util-3.0.xsd, http://www.springframework.org/schema/aop/spring-aop-3.2.xsd=org/springframework/aop/config/spring-aop-3.2.xsd, http://www.springframework.org/schema/tool/spring-tool.xsd=org/springframework/beans/factory/xml/spring-tool-4.3.xsd, http://www.springframework.org/schema/lang/spring-lang-4.1.xsd=org/springframework/scripting/config/spring-lang-4.1.xsd, http://www.springframework.org/schema/context/spring-context-4.0.xsd=org/springframework/context/config/spring-context-4.0.xsd, http://www.springframework.org/schema/beans/spring-beans-4.2.xsd=org/springframework/beans/factory/xml/spring-beans-4.2.xsd, http://www.springframework.org/schema/tool/spring-tool-4.1.xsd=org/springframework/beans/factory/xml/spring-tool-4.1.xsd, http://www.springframework.org/schema/lang/spring-lang-3.2.xsd=org/springframework/scripting/config/spring-lang-3.2.xsd, http://www.springframework.org/schema/cache/spring-cache-3.2.xsd=org/springframework/cache/config/spring-cache-3.2.xsd, http://www.springframework.org/schema/jee/spring-jee-4.1.xsd=org/springframework/ejb/config/spring-jee-4.1.xsd, http://www.springframework.org/schema/util/spring-util-2.0.xsd=org/springframework/beans/factory/xml/spring-util-2.0.xsd, http://www.springframework.org/schema/task/spring-task-4.2.xsd=org/springframework/scheduling/config/spring-task-4.2.xsd, http://www.springframework.org/schema/tool/spring-tool-3.2.xsd=org/springframework/beans/factory/xml/spring-tool-3.2.xsd, http://www.springframework.org/schema/context/spring-context.xsd=org/springframework/context/config/spring-context-4.3.xsd, http://www.springframework.org/schema/cache/spring-cache-4.1.xsd=org/springframework/cache/config/spring-cache-4.1.xsd, http://www.springframework.org/schema/aop/spring-aop-4.0.xsd=org/springframework/aop/config/spring-aop-4.0.xsd, http://www.springframework.org/schema/jee/spring-jee-3.2.xsd=org/springframework/ejb/config/spring-jee-3.2.xsd, http://www.springframework.org/schema/context/spring-context-3.0.xsd=org/springframework/context/config/spring-context-3.0.xsd, http://www.springframework.org/schema/util/spring-util-2.5.xsd=org/springframework/beans/factory/xml/spring-util-2.5.xsd, http://www.springframework.org/schema/util/spring-util-4.3.xsd=org/springframework/beans/factory/xml/spring-util-4.3.xsd, http://www.springframework.org/schema/beans/spring-beans-3.2.xsd=org/springframework/beans/factory/xml/spring-beans-3.2.xsd, http://www.springframework.org/schema/aop/spring-aop-3.1.xsd=org/springframework/aop/config/spring-aop-3.1.xsd, http://www.springframework.org/schema/lang/spring-lang-4.0.xsd=org/springframework/scripting/config/spring-lang-4.0.xsd, http://www.springframework.org/schema/beans/spring-beans-4.1.xsd=org/springframework/beans/factory/xml/spring-beans-4.1.xsd, http://www.springframework.org/schema/tool/spring-tool-4.0.xsd=org/springframework/beans/factory/xml/spring-tool-4.0.xsd, http://www.springframework.org/schema/lang/spring-lang-3.1.xsd=org/springframework/scripting/config/spring-lang-3.1.xsd, http://www.springframework.org/schema/cache/spring-cache-3.1.xsd=org/springframework/cache/config/spring-cache-3.1.xsd, http://www.springframework.org/schema/jee/spring-jee-4.0.xsd=org/springframework/ejb/config/spring-jee-4.0.xsd, http://www.springframework.org/schema/task/spring-task-4.1.xsd=org/springframework/scheduling/config/spring-task-4.1.xsd, http://www.springframework.org/schema/tool/spring-tool-3.1.xsd=org/springframework/beans/factory/xml/spring-tool-3.1.xsd, http://www.springframework.org/schema/cache/spring-cache-4.0.xsd=org/springframework/cache/config/spring-cache-4.0.xsd, http://www.springframework.org/schema/jee/spring-jee-3.1.xsd=org/springframework/ejb/config/spring-jee-3.1.xsd, http://www.springframework.org/schema/task/spring-task-3.2.xsd=org/springframework/scheduling/config/spring-task-3.2.xsd, http://www.springframework.org/schema/util/spring-util-4.2.xsd=org/springframework/beans/factory/xml/spring-util-4.2.xsd, http://www.springframework.org/schema/beans/spring-beans-3.1.xsd=org/springframework/beans/factory/xml/spring-beans-3.1.xsd, http://www.springframework.org/schema/util/spring-util.xsd=org/springframework/beans/factory/xml/spring-util-4.3.xsd, http://www.springframework.org/schema/aop/spring-aop-3.0.xsd=org/springframework/aop/config/spring-aop-3.0.xsd, http://www.springframework.org/schema/beans/spring-beans-4.0.xsd=org/springframework/beans/factory/xml/spring-beans-4.0.xsd, http://www.springframework.org/schema/beans/spring-beans.xsd=org/springframework/beans/factory/xml/spring-beans-4.3.xsd, http://www.springframework.org/schema/lang/spring-lang-3.0.xsd=org/springframework/scripting/config/spring-lang-3.0.xsd, http://www.springframework.org/schema/context/spring-context-2.5.xsd=org/springframework/context/config/spring-context-2.5.xsd, http://www.springframework.org/schema/context/spring-context-4.3.xsd=org/springframework/context/config/spring-context-4.3.xsd, http://www.springframework.org/schema/task/spring-task-4.0.xsd=org/springframework/scheduling/config/spring-task-4.0.xsd, http://www.springframework.org/schema/tool/spring-tool-3.0.xsd=org/springframework/beans/factory/xml/spring-tool-3.0.xsd, http://www.springframework.org/schema/aop/spring-aop-2.0.xsd=org/springframework/aop/config/spring-aop-2.0.xsd, http://www.springframework.org/schema/jee/spring-jee-3.0.xsd=org/springframework/ejb/config/spring-jee-3.0.xsd, http://www.springframework.org/schema/util/spring-util-4.1.xsd=org/springframework/beans/factory/xml/spring-util-4.1.xsd, http://www.springframework.org/schema/task/spring-task-3.1.xsd=org/springframework/scheduling/config/spring-task-3.1.xsd, http://www.springframework.org/schema/beans/spring-beans-3.0.xsd=org/springframework/beans/factory/xml/spring-beans-3.0.xsd, http://www.springframework.org/schema/jee/spring-jee.xsd=org/springframework/ejb/config/spring-jee-4.3.xsd, http://www.springframework.org/schema/aop/spring-aop-4.3.xsd=org/springframework/aop/config/spring-aop-4.3.xsd, http://www.springframework.org/schema/aop/spring-aop-2.5.xsd=org/springframework/aop/config/spring-aop-2.5.xsd, http://www.springframework.org/schema/lang/spring-lang-2.0.xsd=org/springframework/scripting/config/spring-lang-2.0.xsd, http://www.springframework.org/schema/util/spring-util-3.2.xsd=org/springframework/beans/factory/xml/spring-util-3.2.xsd, http://www.springframework.org/schema/task/spring-task.xsd=org/springframework/scheduling/config/spring-task-4.3.xsd, http://www.springframework.org/schema/tool/spring-tool-2.0.xsd=org/springframework/beans/factory/xml/spring-tool-2.0.xsd, http://www.springframework.org/schema/lang/spring-lang-2.5.xsd=org/springframework/scripting/config/spring-lang-2.5.xsd, http://www.springframework.org/schema/lang/spring-lang-4.3.xsd=org/springframework/scripting/config/spring-lang-4.3.xsd, http://www.springframework.org/schema/context/spring-context-4.2.xsd=org/springframework/context/config/spring-context-4.2.xsd, http://www.springframework.org/schema/jee/spring-jee-2.0.xsd=org/springframework/ejb/config/spring-jee-2.0.xsd, http://www.springframework.org/schema/tool/spring-tool-4.3.xsd=org/springframework/beans/factory/xml/spring-tool-4.3.xsd, http://www.springframework.org/schema/tool/spring-tool-2.5.xsd=org/springframework/beans/factory/xml/spring-tool-2.5.xsd, http://www.springframework.org/schema/jee/spring-jee-4.3.xsd=org/springframework/ejb/config/spring-jee-4.3.xsd, http://www.springframework.org/schema/jee/spring-jee-2.5.xsd=org/springframework/ejb/config/spring-jee-2.5.xsd, http://www.springframework.org/schema/util/spring-util-4.0.xsd=org/springframework/beans/factory/xml/spring-util-4.0.xsd, http://www.springframework.org/schema/task/spring-task-3.0.xsd=org/springframework/scheduling/config/spring-task-3.0.xsd, http://www.springframework.org/schema/cache/spring-cache-4.3.xsd=org/springframework/cache/config/spring-cache-4.3.xsd, http://www.springframework.org/schema/aop/spring-aop-4.2.xsd=org/springframework/aop/config/spring-aop-4.2.xsd, http://www.springframework.org/schema/lang/spring-lang.xsd=org/springframework/scripting/config/spring-lang-4.3.xsd, http://www.springframework.org/schema/context/spring-context-3.2.xsd=org/springframework/context/config/spring-context-3.2.xsd, http://www.springframework.org/schema/util/spring-util-3.1.xsd=org/springframework/beans/factory/xml/spring-util-3.1.xsd, http://www.springframework.org/schema/beans/spring-beans-2.0.xsd=org/springframework/beans/factory/xml/spring-beans-2.0.xsd, http://www.springframework.org/schema/cache/spring-cache.xsd=org/springframework/cache/config/spring-cache-4.3.xsd, http://www.springframework.org/schema/lang/spring-lang-4.2.xsd=org/springframework/scripting/config/spring-lang-4.2.xsd, http://www.springframework.org/schema/context/spring-context-4.1.xsd=org/springframework/context/config/spring-context-4.1.xsd, http://www.springframework.org/schema/beans/spring-beans-2.5.xsd=org/springframework/beans/factory/xml/spring-beans-2.5.xsd, http://www.springframework.org/schema/beans/spring-beans-4.3.xsd=org/springframework/beans/factory/xml/spring-beans-4.3.xsd, http://www.springframework.org/schema/tool/spring-tool-4.2.xsd=org/springframework/beans/factory/xml/spring-tool-4.2.xsd, http://www.springframework.org/schema/jee/spring-jee-4.2.xsd=org/springframework/ejb/config/spring-jee-4.2.xsd, http://www.springframework.org/schema/aop/spring-aop.xsd=org/springframework/aop/config/spring-aop-4.3.xsd, http://www.springframework.org/schema/task/spring-task-4.3.xsd=org/springframework/scheduling/config/spring-task-4.3.xsd}
Found XML schema [http://www.springframework.org/schema/beans/spring-beans.xsd] in classpath: org/springframework/beans/factory/xml/spring-beans-4.3.xsd
Found XML schema [http://www.springframework.org/schema/context/spring-context.xsd] in classpath: org/springframework/context/config/spring-context-4.3.xsd
Found XML schema [http://www.springframework.org/schema/tool/spring-tool-4.3.xsd] in classpath: org/springframework/beans/factory/xml/spring-tool-4.3.xsd
Found XML schema [http://www.springframework.org/schema/aop/spring-aop.xsd] in classpath: org/springframework/aop/config/spring-aop-4.3.xsd
Loading bean definitions
Loaded NamespaceHandler mappings: {http://www.springframework.org/schema/p=org.springframework.beans.factory.xml.SimplePropertyNamespaceHandler, http://www.springframework.org/schema/util=org.springframework.beans.factory.xml.UtilNamespaceHandler, http://www.springframework.org/schema/jee=org.springframework.ejb.config.JeeNamespaceHandler, http://www.springframework.org/schema/aop=org.springframework.aop.config.AopNamespaceHandler, http://www.springframework.org/schema/cache=org.springframework.cache.config.CacheNamespaceHandler, http://www.springframework.org/schema/c=org.springframework.beans.factory.xml.SimpleConstructorNamespaceHandler, http://www.springframework.org/schema/task=org.springframework.scheduling.config.TaskNamespaceHandler, http://www.springframework.org/schema/lang=org.springframework.scripting.config.LangNamespaceHandler, http://www.springframework.org/schema/context=org.springframework.context.config.ContextNamespaceHandler}
JSR-250 'javax.annotation.ManagedBean' found and supported for component scanning
Resolved classpath location [com/wmr/springDay02/] to resources [URL [file:/G:/java/workspace/spring_day02/target/classes/com/wmr/springDay02/]]
Looking for matching resources in directory tree [G:\java\workspace\spring_day02\target\classes\com\wmr\springDay02]
Searching directory [G:\java\workspace\spring_day02\target\classes\com\wmr\springDay02] for files matching pattern [G:/java/workspace/spring_day02/target/classes/com/wmr/springDay02/**/*.class]
Searching directory [G:\java\workspace\spring_day02\target\classes\com\wmr\springDay02\aop] for files matching pattern [G:/java/workspace/spring_day02/target/classes/com/wmr/springDay02/**/*.class]
Resolved location pattern [classpath*:com/wmr/springDay02/**/*.class] to resources [file [G:\java\workspace\spring_day02\target\classes\com\wmr\springDay02\aop\AopTest.class], file [G:\java\workspace\spring_day02\target\classes\com\wmr\springDay02\aop\Book.class], file [G:\java\workspace\spring_day02\target\classes\com\wmr\springDay02\aop\Mybook.class], file [G:\java\workspace\spring_day02\target\classes\com\wmr\springDay02\BookDao.class], file [G:\java\workspace\spring_day02\target\classes\com\wmr\springDay02\BookService.class], file [G:\java\workspace\spring_day02\target\classes\com\wmr\springDay02\OrderDao.class], file [G:\java\workspace\spring_day02\target\classes\com\wmr\springDay02\SpringTestDay02.class], file [G:\java\workspace\spring_day02\target\classes\com\wmr\springDay02\User.class], file [G:\java\workspace\spring_day02\target\classes\com\wmr\springDay02\UserDao.class], file [G:\java\workspace\spring_day02\target\classes\com\wmr\springDay02\UserService.class]]
Identified candidate component class: file [G:\java\workspace\spring_day02\target\classes\com\wmr\springDay02\User.class]
Identified candidate component class: file [G:\java\workspace\spring_day02\target\classes\com\wmr\springDay02\UserDao.class]
Identified candidate component class: file [G:\java\workspace\spring_day02\target\classes\com\wmr\springDay02\UserService.class]
Loaded 19 bean definitions from location pattern [\applicationContext.xml]
Bean factory for org.springframework.context.support.ClassPathXmlApplicationContext@72687235: org.springframework.beans.factory.support.DefaultListableBeanFactory@55cc9339: defining beans [user,dao,userService,org.springframework.context.annotation.internalConfigurationAnnotationProcessor,org.springframework.context.annotation.internalAutowiredAnnotationProcessor,org.springframework.context.annotation.internalRequiredAnnotationProcessor,org.springframework.context.annotation.internalCommonAnnotationProcessor,org.springframework.context.event.internalEventListenerProcessor,org.springframework.context.event.internalEventListenerFactory,bookService,bookDao,orderDao,book,myBook,org.springframework.aop.config.internalAutoProxyCreator,pointcut1,org.springframework.aop.aspectj.AspectJPointcutAdvisor#0,org.springframework.aop.aspectj.AspectJPointcutAdvisor#1,org.springframework.aop.aspectj.AspectJPointcutAdvisor#2]; root of factory hierarchy
Creating shared instance of singleton bean 'org.springframework.context.annotation.internalConfigurationAnnotationProcessor'
Creating instance of bean 'org.springframework.context.annotation.internalConfigurationAnnotationProcessor'
Eagerly caching bean 'org.springframework.context.annotation.internalConfigurationAnnotationProcessor' to allow for resolving potential circular references
Finished creating instance of bean 'org.springframework.context.annotation.internalConfigurationAnnotationProcessor'
Creating shared instance of singleton bean 'org.springframework.context.annotation.internalAutowiredAnnotationProcessor'
Creating instance of bean 'org.springframework.context.annotation.internalAutowiredAnnotationProcessor'
Eagerly caching bean 'org.springframework.context.annotation.internalAutowiredAnnotationProcessor' to allow for resolving potential circular references
Finished creating instance of bean 'org.springframework.context.annotation.internalAutowiredAnnotationProcessor'
Creating shared instance of singleton bean 'org.springframework.context.annotation.internalRequiredAnnotationProcessor'
Creating instance of bean 'org.springframework.context.annotation.internalRequiredAnnotationProcessor'
Eagerly caching bean 'org.springframework.context.annotation.internalRequiredAnnotationProcessor' to allow for resolving potential circular references
Finished creating instance of bean 'org.springframework.context.annotation.internalRequiredAnnotationProcessor'
Creating shared instance of singleton bean 'org.springframework.context.annotation.internalCommonAnnotationProcessor'
Creating instance of bean 'org.springframework.context.annotation.internalCommonAnnotationProcessor'
Eagerly caching bean 'org.springframework.context.annotation.internalCommonAnnotationProcessor' to allow for resolving potential circular references
Finished creating instance of bean 'org.springframework.context.annotation.internalCommonAnnotationProcessor'
Creating shared instance of singleton bean 'org.springframework.aop.config.internalAutoProxyCreator'
Creating instance of bean 'org.springframework.aop.config.internalAutoProxyCreator'
Eagerly caching bean 'org.springframework.aop.config.internalAutoProxyCreator' to allow for resolving potential circular references
Finished creating instance of bean 'org.springframework.aop.config.internalAutoProxyCreator'
Unable to locate MessageSource with name 'messageSource': using default [org.springframework.context.support.DelegatingMessageSource@449f2146]
Unable to locate ApplicationEventMulticaster with name 'applicationEventMulticaster': using default [org.springframework.context.event.SimpleApplicationEventMulticaster@5d57f865]
Pre-instantiating singletons in org.springframework.beans.factory.support.DefaultListableBeanFactory@55cc9339: defining beans [user,dao,userService,org.springframework.context.annotation.internalConfigurationAnnotationProcessor,org.springframework.context.annotation.internalAutowiredAnnotationProcessor,org.springframework.context.annotation.internalRequiredAnnotationProcessor,org.springframework.context.annotation.internalCommonAnnotationProcessor,org.springframework.context.event.internalEventListenerProcessor,org.springframework.context.event.internalEventListenerFactory,bookService,bookDao,orderDao,book,myBook,org.springframework.aop.config.internalAutoProxyCreator,pointcut1,org.springframework.aop.aspectj.AspectJPointcutAdvisor#0,org.springframework.aop.aspectj.AspectJPointcutAdvisor#1,org.springframework.aop.aspectj.AspectJPointcutAdvisor#2]; root of factory hierarchy
Creating shared instance of singleton bean 'dao'
Creating instance of bean 'dao'
Creating shared instance of singleton bean 'org.springframework.aop.aspectj.AspectJPointcutAdvisor#0'
Creating instance of bean 'org.springframework.aop.aspectj.AspectJPointcutAdvisor#0'
Creating instance of bean '(inner bean)#27f87600'
Creating instance of bean '(inner bean)#7bfde16b'
Finished creating instance of bean '(inner bean)#7bfde16b'
Creating instance of bean 'pointcut1'
Finished creating instance of bean 'pointcut1'
Creating instance of bean '(inner bean)#595a37ef'
Finished creating instance of bean '(inner bean)#595a37ef'
Finished creating instance of bean '(inner bean)#27f87600'
Eagerly caching bean 'org.springframework.aop.aspectj.AspectJPointcutAdvisor#0' to allow for resolving potential circular references
Finished creating instance of bean 'org.springframework.aop.aspectj.AspectJPointcutAdvisor#0'
Creating shared instance of singleton bean 'org.springframework.aop.aspectj.AspectJPointcutAdvisor#1'
Creating instance of bean 'org.springframework.aop.aspectj.AspectJPointcutAdvisor#1'
Creating instance of bean '(inner bean)#485ff368'
Creating instance of bean '(inner bean)#3530089d'
Finished creating instance of bean '(inner bean)#3530089d'
Creating instance of bean 'pointcut1'
Finished creating instance of bean 'pointcut1'
Creating instance of bean '(inner bean)#648596b2'
Finished creating instance of bean '(inner bean)#648596b2'
Finished creating instance of bean '(inner bean)#485ff368'
Eagerly caching bean 'org.springframework.aop.aspectj.AspectJPointcutAdvisor#1' to allow for resolving potential circular references
Finished creating instance of bean 'org.springframework.aop.aspectj.AspectJPointcutAdvisor#1'
Creating shared instance of singleton bean 'org.springframework.aop.aspectj.AspectJPointcutAdvisor#2'
Creating instance of bean 'org.springframework.aop.aspectj.AspectJPointcutAdvisor#2'
Creating instance of bean '(inner bean)#461b3399'
Creating instance of bean '(inner bean)#646af93e'
Finished creating instance of bean '(inner bean)#646af93e'
Creating instance of bean 'pointcut1'
Finished creating instance of bean 'pointcut1'
Creating instance of bean '(inner bean)#2b1188f3'
Finished creating instance of bean '(inner bean)#2b1188f3'
Finished creating instance of bean '(inner bean)#461b3399'
Eagerly caching bean 'org.springframework.aop.aspectj.AspectJPointcutAdvisor#2' to allow for resolving potential circular references
Finished creating instance of bean 'org.springframework.aop.aspectj.AspectJPointcutAdvisor#2'
Eagerly caching bean 'dao' to allow for resolving potential circular references
Returning cached instance of singleton bean 'org.springframework.aop.aspectj.AspectJPointcutAdvisor#0'
Returning cached instance of singleton bean 'org.springframework.aop.aspectj.AspectJPointcutAdvisor#1'
Returning cached instance of singleton bean 'org.springframework.aop.aspectj.AspectJPointcutAdvisor#2'
Returning cached instance of singleton bean 'org.springframework.aop.aspectj.AspectJPointcutAdvisor#0'
Returning cached instance of singleton bean 'org.springframework.aop.aspectj.AspectJPointcutAdvisor#1'
Returning cached instance of singleton bean 'org.springframework.aop.aspectj.AspectJPointcutAdvisor#2'
Finished creating instance of bean 'dao'
Creating shared instance of singleton bean 'userService'
Creating instance of bean 'userService'
Returning cached instance of singleton bean 'org.springframework.aop.aspectj.AspectJPointcutAdvisor#0'
Returning cached instance of singleton bean 'org.springframework.aop.aspectj.AspectJPointcutAdvisor#1'
Returning cached instance of singleton bean 'org.springframework.aop.aspectj.AspectJPointcutAdvisor#2'
Registered injected element on class [com.wmr.springDay02.UserService]: ResourceElement for private com.wmr.springDay02.UserDao com.wmr.springDay02.UserService.userDao
Eagerly caching bean 'userService' to allow for resolving potential circular references
Processing injected element of bean 'userService': ResourceElement for private com.wmr.springDay02.UserDao com.wmr.springDay02.UserService.userDao
Returning cached instance of singleton bean 'dao'
Returning cached instance of singleton bean 'org.springframework.aop.aspectj.AspectJPointcutAdvisor#0'
Returning cached instance of singleton bean 'org.springframework.aop.aspectj.AspectJPointcutAdvisor#1'
Returning cached instance of singleton bean 'org.springframework.aop.aspectj.AspectJPointcutAdvisor#2'
Returning cached instance of singleton bean 'org.springframework.aop.aspectj.AspectJPointcutAdvisor#0'
Returning cached instance of singleton bean 'org.springframework.aop.aspectj.AspectJPointcutAdvisor#1'
Returning cached instance of singleton bean 'org.springframework.aop.aspectj.AspectJPointcutAdvisor#2'
Finished creating instance of bean 'userService'
Returning cached instance of singleton bean 'org.springframework.context.annotation.internalConfigurationAnnotationProcessor'
Returning cached instance of singleton bean 'org.springframework.context.annotation.internalAutowiredAnnotationProcessor'
Returning cached instance of singleton bean 'org.springframework.context.annotation.internalRequiredAnnotationProcessor'
Returning cached instance of singleton bean 'org.springframework.context.annotation.internalCommonAnnotationProcessor'
Creating shared instance of singleton bean 'org.springframework.context.event.internalEventListenerProcessor'
Creating instance of bean 'org.springframework.context.event.internalEventListenerProcessor'
Returning cached instance of singleton bean 'org.springframework.aop.aspectj.AspectJPointcutAdvisor#0'
Returning cached instance of singleton bean 'org.springframework.aop.aspectj.AspectJPointcutAdvisor#1'
Returning cached instance of singleton bean 'org.springframework.aop.aspectj.AspectJPointcutAdvisor#2'
Eagerly caching bean 'org.springframework.context.event.internalEventListenerProcessor' to allow for resolving potential circular references
Returning cached instance of singleton bean 'org.springframework.aop.aspectj.AspectJPointcutAdvisor#0'
Returning cached instance of singleton bean 'org.springframework.aop.aspectj.AspectJPointcutAdvisor#1'
Returning cached instance of singleton bean 'org.springframework.aop.aspectj.AspectJPointcutAdvisor#2'
Returning cached instance of singleton bean 'org.springframework.aop.aspectj.AspectJPointcutAdvisor#0'
Returning cached instance of singleton bean 'org.springframework.aop.aspectj.AspectJPointcutAdvisor#1'
Returning cached instance of singleton bean 'org.springframework.aop.aspectj.AspectJPointcutAdvisor#2'
Finished creating instance of bean 'org.springframework.context.event.internalEventListenerProcessor'
Creating shared instance of singleton bean 'org.springframework.context.event.internalEventListenerFactory'
Creating instance of bean 'org.springframework.context.event.internalEventListenerFactory'
Returning cached instance of singleton bean 'org.springframework.aop.aspectj.AspectJPointcutAdvisor#0'
Returning cached instance of singleton bean 'org.springframework.aop.aspectj.AspectJPointcutAdvisor#1'
Returning cached instance of singleton bean 'org.springframework.aop.aspectj.AspectJPointcutAdvisor#2'
Eagerly caching bean 'org.springframework.context.event.internalEventListenerFactory' to allow for resolving potential circular references
Returning cached instance of singleton bean 'org.springframework.aop.aspectj.AspectJPointcutAdvisor#0'
Returning cached instance of singleton bean 'org.springframework.aop.aspectj.AspectJPointcutAdvisor#1'
Returning cached instance of singleton bean 'org.springframework.aop.aspectj.AspectJPointcutAdvisor#2'
Returning cached instance of singleton bean 'org.springframework.aop.aspectj.AspectJPointcutAdvisor#0'
Returning cached instance of singleton bean 'org.springframework.aop.aspectj.AspectJPointcutAdvisor#1'
Returning cached instance of singleton bean 'org.springframework.aop.aspectj.AspectJPointcutAdvisor#2'
Finished creating instance of bean 'org.springframework.context.event.internalEventListenerFactory'
Creating shared instance of singleton bean 'bookService'
Creating instance of bean 'bookService'
Returning cached instance of singleton bean 'org.springframework.aop.aspectj.AspectJPointcutAdvisor#0'
Returning cached instance of singleton bean 'org.springframework.aop.aspectj.AspectJPointcutAdvisor#1'
Returning cached instance of singleton bean 'org.springframework.aop.aspectj.AspectJPointcutAdvisor#2'
Registered injected element on class [com.wmr.springDay02.BookService]: ResourceElement for private com.wmr.springDay02.BookDao com.wmr.springDay02.BookService.bookDao
Registered injected element on class [com.wmr.springDay02.BookService]: ResourceElement for private com.wmr.springDay02.OrderDao com.wmr.springDay02.BookService.orderDao
Eagerly caching bean 'bookService' to allow for resolving potential circular references
Processing injected element of bean 'bookService': ResourceElement for private com.wmr.springDay02.BookDao com.wmr.springDay02.BookService.bookDao
Creating shared instance of singleton bean 'bookDao'
Creating instance of bean 'bookDao'
Returning cached instance of singleton bean 'org.springframework.aop.aspectj.AspectJPointcutAdvisor#0'
Returning cached instance of singleton bean 'org.springframework.aop.aspectj.AspectJPointcutAdvisor#1'
Returning cached instance of singleton bean 'org.springframework.aop.aspectj.AspectJPointcutAdvisor#2'
Eagerly caching bean 'bookDao' to allow for resolving potential circular references
Returning cached instance of singleton bean 'org.springframework.aop.aspectj.AspectJPointcutAdvisor#0'
Returning cached instance of singleton bean 'org.springframework.aop.aspectj.AspectJPointcutAdvisor#1'
Returning cached instance of singleton bean 'org.springframework.aop.aspectj.AspectJPointcutAdvisor#2'
Returning cached instance of singleton bean 'org.springframework.aop.aspectj.AspectJPointcutAdvisor#0'
Returning cached instance of singleton bean 'org.springframework.aop.aspectj.AspectJPointcutAdvisor#1'
Returning cached instance of singleton bean 'org.springframework.aop.aspectj.AspectJPointcutAdvisor#2'
Finished creating instance of bean 'bookDao'
Processing injected element of bean 'bookService': ResourceElement for private com.wmr.springDay02.OrderDao com.wmr.springDay02.BookService.orderDao
Creating shared instance of singleton bean 'orderDao'
Creating instance of bean 'orderDao'
Returning cached instance of singleton bean 'org.springframework.aop.aspectj.AspectJPointcutAdvisor#0'
Returning cached instance of singleton bean 'org.springframework.aop.aspectj.AspectJPointcutAdvisor#1'
Returning cached instance of singleton bean 'org.springframework.aop.aspectj.AspectJPointcutAdvisor#2'
Eagerly caching bean 'orderDao' to allow for resolving potential circular references
Returning cached instance of singleton bean 'org.springframework.aop.aspectj.AspectJPointcutAdvisor#0'
Returning cached instance of singleton bean 'org.springframework.aop.aspectj.AspectJPointcutAdvisor#1'
Returning cached instance of singleton bean 'org.springframework.aop.aspectj.AspectJPointcutAdvisor#2'
Returning cached instance of singleton bean 'org.springframework.aop.aspectj.AspectJPointcutAdvisor#0'
Returning cached instance of singleton bean 'org.springframework.aop.aspectj.AspectJPointcutAdvisor#1'
Returning cached instance of singleton bean 'org.springframework.aop.aspectj.AspectJPointcutAdvisor#2'
Finished creating instance of bean 'orderDao'
Returning cached instance of singleton bean 'org.springframework.aop.aspectj.AspectJPointcutAdvisor#0'
Returning cached instance of singleton bean 'org.springframework.aop.aspectj.AspectJPointcutAdvisor#1'
Returning cached instance of singleton bean 'org.springframework.aop.aspectj.AspectJPointcutAdvisor#2'
Returning cached instance of singleton bean 'org.springframework.aop.aspectj.AspectJPointcutAdvisor#0'
Returning cached instance of singleton bean 'org.springframework.aop.aspectj.AspectJPointcutAdvisor#1'
Returning cached instance of singleton bean 'org.springframework.aop.aspectj.AspectJPointcutAdvisor#2'
Finished creating instance of bean 'bookService'
Returning cached instance of singleton bean 'bookDao'
Returning cached instance of singleton bean 'orderDao'
Creating shared instance of singleton bean 'book'
Creating instance of bean 'book'
Returning cached instance of singleton bean 'org.springframework.aop.aspectj.AspectJPointcutAdvisor#0'
Returning cached instance of singleton bean 'org.springframework.aop.aspectj.AspectJPointcutAdvisor#1'
Returning cached instance of singleton bean 'org.springframework.aop.aspectj.AspectJPointcutAdvisor#2'
Eagerly caching bean 'book' to allow for resolving potential circular references
Returning cached instance of singleton bean 'org.springframework.aop.aspectj.AspectJPointcutAdvisor#0'
Returning cached instance of singleton bean 'org.springframework.aop.aspectj.AspectJPointcutAdvisor#1'
Returning cached instance of singleton bean 'org.springframework.aop.aspectj.AspectJPointcutAdvisor#2'
Returning cached instance of singleton bean 'org.springframework.aop.aspectj.AspectJPointcutAdvisor#0'
Returning cached instance of singleton bean 'org.springframework.aop.aspectj.AspectJPointcutAdvisor#1'
Returning cached instance of singleton bean 'org.springframework.aop.aspectj.AspectJPointcutAdvisor#2'
Creating implicit proxy for bean 'book' with 0 common interceptors and 4 specific interceptors
Creating CGLIB proxy: target source is SingletonTargetSource for target object [com.wmr.springDay02.aop.Book@5f17bcf6]
Unable to apply any optimisations to advised method: public void com.wmr.springDay02.aop.Book.add()
Found 'equals' method: public boolean java.lang.Object.equals(java.lang.Object)
Unable to apply any optimisations to advised method: public java.lang.String java.lang.Object.toString()
Found 'hashCode' method: public native int java.lang.Object.hashCode()
Unable to apply any optimisations to advised method: protected native java.lang.Object java.lang.Object.clone() throws java.lang.CloneNotSupportedException
Method is declared on Advised interface: public abstract int org.springframework.aop.framework.Advised.indexOf(org.springframework.aop.Advisor)
Method is declared on Advised interface: public abstract int org.springframework.aop.framework.Advised.indexOf(org.aopalliance.aop.Advice)
Method is declared on Advised interface: public abstract boolean org.springframework.aop.framework.Advised.isFrozen()
Method is declared on Advised interface: public abstract void org.springframework.aop.framework.Advised.addAdvice(org.aopalliance.aop.Advice) throws org.springframework.aop.framework.AopConfigException
Method is declared on Advised interface: public abstract void org.springframework.aop.framework.Advised.addAdvice(int,org.aopalliance.aop.Advice) throws org.springframework.aop.framework.AopConfigException
Method is declared on Advised interface: public abstract boolean org.springframework.aop.framework.Advised.isPreFiltered()
Method is declared on Advised interface: public abstract org.springframework.aop.Advisor[] org.springframework.aop.framework.Advised.getAdvisors()
Method is declared on Advised interface: public abstract void org.springframework.aop.framework.Advised.removeAdvisor(int) throws org.springframework.aop.framework.AopConfigException
Method is declared on Advised interface: public abstract boolean org.springframework.aop.framework.Advised.removeAdvisor(org.springframework.aop.Advisor)
Method is declared on Advised interface: public abstract boolean org.springframework.aop.framework.Advised.removeAdvice(org.aopalliance.aop.Advice)
Method is declared on Advised interface: public abstract java.lang.Class[] org.springframework.aop.framework.Advised.getProxiedInterfaces()
Method is declared on Advised interface: public abstract boolean org.springframework.aop.framework.Advised.isInterfaceProxied(java.lang.Class)
Method is declared on Advised interface: public abstract boolean org.springframework.aop.framework.Advised.replaceAdvisor(org.springframework.aop.Advisor,org.springframework.aop.Advisor) throws org.springframework.aop.framework.AopConfigException
Method is declared on Advised interface: public abstract java.lang.String org.springframework.aop.framework.Advised.toProxyConfigString()
Method is declared on Advised interface: public abstract void org.springframework.aop.framework.Advised.addAdvisor(org.springframework.aop.Advisor) throws org.springframework.aop.framework.AopConfigException
Method is declared on Advised interface: public abstract void org.springframework.aop.framework.Advised.addAdvisor(int,org.springframework.aop.Advisor) throws org.springframework.aop.framework.AopConfigException
Method is declared on Advised interface: public abstract boolean org.springframework.aop.framework.Advised.isExposeProxy()
Method is declared on Advised interface: public abstract org.springframework.aop.TargetSource org.springframework.aop.framework.Advised.getTargetSource()
Method is declared on Advised interface: public abstract boolean org.springframework.aop.framework.Advised.isProxyTargetClass()
Method is declared on Advised interface: public abstract void org.springframework.aop.framework.Advised.setPreFiltered(boolean)
Method is declared on Advised interface: public abstract void org.springframework.aop.framework.Advised.setExposeProxy(boolean)
Method is declared on Advised interface: public abstract void org.springframework.aop.framework.Advised.setTargetSource(org.springframework.aop.TargetSource)
Method is declared on Advised interface: public abstract java.lang.Class org.springframework.aop.TargetClassAware.getTargetClass()
Finished creating instance of bean 'book'
Creating shared instance of singleton bean 'myBook'
Creating instance of bean 'myBook'
Returning cached instance of singleton bean 'org.springframework.aop.aspectj.AspectJPointcutAdvisor#0'
Returning cached instance of singleton bean 'org.springframework.aop.aspectj.AspectJPointcutAdvisor#1'
Returning cached instance of singleton bean 'org.springframework.aop.aspectj.AspectJPointcutAdvisor#2'
Eagerly caching bean 'myBook' to allow for resolving potential circular references
Finished creating instance of bean 'myBook'
Returning cached instance of singleton bean 'org.springframework.aop.config.internalAutoProxyCreator'
Returning cached instance of singleton bean 'org.springframework.aop.aspectj.AspectJPointcutAdvisor#0'
Returning cached instance of singleton bean 'org.springframework.aop.aspectj.AspectJPointcutAdvisor#1'
Returning cached instance of singleton bean 'org.springframework.aop.aspectj.AspectJPointcutAdvisor#2'
Returning cached instance of singleton bean 'org.springframework.context.event.internalEventListenerFactory'
Unable to locate LifecycleProcessor with name 'lifecycleProcessor': using default [org.springframework.context.support.DefaultLifecycleProcessor@1b362c68]
Returning cached instance of singleton bean 'lifecycleProcessor'
Could not find key 'spring.liveBeansView.mbeanDomain' in any property source
Returning cached instance of singleton bean 'book'
Returning cached instance of singleton bean 'myBook'
Returning cached instance of singleton bean 'myBook'
Returning cached instance of singleton bean 'myBook'
Adding [systemProperties] PropertySource with lowest search precedence
Adding [systemEnvironment] PropertySource with lowest search precedence
Initialized StandardEnvironment with PropertySources [systemProperties,systemEnvironment]
Refreshing org.springframework.context.support.ClassPathXmlApplicationContext@6d6849cf: startup date [Wed Mar 01 15:08:58 CST 2017]; root of context hierarchy
Adding [systemProperties] PropertySource with lowest search precedence
Adding [systemEnvironment] PropertySource with lowest search precedence
Initialized StandardEnvironment with PropertySources [systemProperties,systemEnvironment]
Loading XML bean definitions from class path resource [applicationContext.xml]
Using JAXP provider [com.sun.org.apache.xerces.internal.jaxp.DocumentBuilderFactoryImpl]
Loading schema mappings from [META-INF/spring.schemas]
Loaded schema mappings: {http://www.springframework.org/schema/cache/spring-cache-4.2.xsd=org/springframework/cache/config/spring-cache-4.2.xsd, http://www.springframework.org/schema/aop/spring-aop-4.1.xsd=org/springframework/aop/config/spring-aop-4.1.xsd, http://www.springframework.org/schema/context/spring-context-3.1.xsd=org/springframework/context/config/spring-context-3.1.xsd, http://www.springframework.org/schema/util/spring-util-3.0.xsd=org/springframework/beans/factory/xml/spring-util-3.0.xsd, http://www.springframework.org/schema/aop/spring-aop-3.2.xsd=org/springframework/aop/config/spring-aop-3.2.xsd, http://www.springframework.org/schema/tool/spring-tool.xsd=org/springframework/beans/factory/xml/spring-tool-4.3.xsd, http://www.springframework.org/schema/lang/spring-lang-4.1.xsd=org/springframework/scripting/config/spring-lang-4.1.xsd, http://www.springframework.org/schema/context/spring-context-4.0.xsd=org/springframework/context/config/spring-context-4.0.xsd, http://www.springframework.org/schema/beans/spring-beans-4.2.xsd=org/springframework/beans/factory/xml/spring-beans-4.2.xsd, http://www.springframework.org/schema/tool/spring-tool-4.1.xsd=org/springframework/beans/factory/xml/spring-tool-4.1.xsd, http://www.springframework.org/schema/lang/spring-lang-3.2.xsd=org/springframework/scripting/config/spring-lang-3.2.xsd, http://www.springframework.org/schema/cache/spring-cache-3.2.xsd=org/springframework/cache/config/spring-cache-3.2.xsd, http://www.springframework.org/schema/jee/spring-jee-4.1.xsd=org/springframework/ejb/config/spring-jee-4.1.xsd, http://www.springframework.org/schema/util/spring-util-2.0.xsd=org/springframework/beans/factory/xml/spring-util-2.0.xsd, http://www.springframework.org/schema/task/spring-task-4.2.xsd=org/springframework/scheduling/config/spring-task-4.2.xsd, http://www.springframework.org/schema/tool/spring-tool-3.2.xsd=org/springframework/beans/factory/xml/spring-tool-3.2.xsd, http://www.springframework.org/schema/context/spring-context.xsd=org/springframework/context/config/spring-context-4.3.xsd, http://www.springframework.org/schema/cache/spring-cache-4.1.xsd=org/springframework/cache/config/spring-cache-4.1.xsd, http://www.springframework.org/schema/aop/spring-aop-4.0.xsd=org/springframework/aop/config/spring-aop-4.0.xsd, http://www.springframework.org/schema/jee/spring-jee-3.2.xsd=org/springframework/ejb/config/spring-jee-3.2.xsd, http://www.springframework.org/schema/context/spring-context-3.0.xsd=org/springframework/context/config/spring-context-3.0.xsd, http://www.springframework.org/schema/util/spring-util-2.5.xsd=org/springframework/beans/factory/xml/spring-util-2.5.xsd, http://www.springframework.org/schema/util/spring-util-4.3.xsd=org/springframework/beans/factory/xml/spring-util-4.3.xsd, http://www.springframework.org/schema/beans/spring-beans-3.2.xsd=org/springframework/beans/factory/xml/spring-beans-3.2.xsd, http://www.springframework.org/schema/aop/spring-aop-3.1.xsd=org/springframework/aop/config/spring-aop-3.1.xsd, http://www.springframework.org/schema/lang/spring-lang-4.0.xsd=org/springframework/scripting/config/spring-lang-4.0.xsd, http://www.springframework.org/schema/beans/spring-beans-4.1.xsd=org/springframework/beans/factory/xml/spring-beans-4.1.xsd, http://www.springframework.org/schema/tool/spring-tool-4.0.xsd=org/springframework/beans/factory/xml/spring-tool-4.0.xsd, http://www.springframework.org/schema/lang/spring-lang-3.1.xsd=org/springframework/scripting/config/spring-lang-3.1.xsd, http://www.springframework.org/schema/cache/spring-cache-3.1.xsd=org/springframework/cache/config/spring-cache-3.1.xsd, http://www.springframework.org/schema/jee/spring-jee-4.0.xsd=org/springframework/ejb/config/spring-jee-4.0.xsd, http://www.springframework.org/schema/task/spring-task-4.1.xsd=org/springframework/scheduling/config/spring-task-4.1.xsd, http://www.springframework.org/schema/tool/spring-tool-3.1.xsd=org/springframework/beans/factory/xml/spring-tool-3.1.xsd, http://www.springframework.org/schema/cache/spring-cache-4.0.xsd=org/springframework/cache/config/spring-cache-4.0.xsd, http://www.springframework.org/schema/jee/spring-jee-3.1.xsd=org/springframework/ejb/config/spring-jee-3.1.xsd, http://www.springframework.org/schema/task/spring-task-3.2.xsd=org/springframework/scheduling/config/spring-task-3.2.xsd, http://www.springframework.org/schema/util/spring-util-4.2.xsd=org/springframework/beans/factory/xml/spring-util-4.2.xsd, http://www.springframework.org/schema/beans/spring-beans-3.1.xsd=org/springframework/beans/factory/xml/spring-beans-3.1.xsd, http://www.springframework.org/schema/util/spring-util.xsd=org/springframework/beans/factory/xml/spring-util-4.3.xsd, http://www.springframework.org/schema/aop/spring-aop-3.0.xsd=org/springframework/aop/config/spring-aop-3.0.xsd, http://www.springframework.org/schema/beans/spring-beans-4.0.xsd=org/springframework/beans/factory/xml/spring-beans-4.0.xsd, http://www.springframework.org/schema/beans/spring-beans.xsd=org/springframework/beans/factory/xml/spring-beans-4.3.xsd, http://www.springframework.org/schema/lang/spring-lang-3.0.xsd=org/springframework/scripting/config/spring-lang-3.0.xsd, http://www.springframework.org/schema/context/spring-context-2.5.xsd=org/springframework/context/config/spring-context-2.5.xsd, http://www.springframework.org/schema/context/spring-context-4.3.xsd=org/springframework/context/config/spring-context-4.3.xsd, http://www.springframework.org/schema/task/spring-task-4.0.xsd=org/springframework/scheduling/config/spring-task-4.0.xsd, http://www.springframework.org/schema/tool/spring-tool-3.0.xsd=org/springframework/beans/factory/xml/spring-tool-3.0.xsd, http://www.springframework.org/schema/aop/spring-aop-2.0.xsd=org/springframework/aop/config/spring-aop-2.0.xsd, http://www.springframework.org/schema/jee/spring-jee-3.0.xsd=org/springframework/ejb/config/spring-jee-3.0.xsd, http://www.springframework.org/schema/util/spring-util-4.1.xsd=org/springframework/beans/factory/xml/spring-util-4.1.xsd, http://www.springframework.org/schema/task/spring-task-3.1.xsd=org/springframework/scheduling/config/spring-task-3.1.xsd, http://www.springframework.org/schema/beans/spring-beans-3.0.xsd=org/springframework/beans/factory/xml/spring-beans-3.0.xsd, http://www.springframework.org/schema/jee/spring-jee.xsd=org/springframework/ejb/config/spring-jee-4.3.xsd, http://www.springframework.org/schema/aop/spring-aop-4.3.xsd=org/springframework/aop/config/spring-aop-4.3.xsd, http://www.springframework.org/schema/aop/spring-aop-2.5.xsd=org/springframework/aop/config/spring-aop-2.5.xsd, http://www.springframework.org/schema/lang/spring-lang-2.0.xsd=org/springframework/scripting/config/spring-lang-2.0.xsd, http://www.springframework.org/schema/util/spring-util-3.2.xsd=org/springframework/beans/factory/xml/spring-util-3.2.xsd, http://www.springframework.org/schema/task/spring-task.xsd=org/springframework/scheduling/config/spring-task-4.3.xsd, http://www.springframework.org/schema/tool/spring-tool-2.0.xsd=org/springframework/beans/factory/xml/spring-tool-2.0.xsd, http://www.springframework.org/schema/lang/spring-lang-2.5.xsd=org/springframework/scripting/config/spring-lang-2.5.xsd, http://www.springframework.org/schema/lang/spring-lang-4.3.xsd=org/springframework/scripting/config/spring-lang-4.3.xsd, http://www.springframework.org/schema/context/spring-context-4.2.xsd=org/springframework/context/config/spring-context-4.2.xsd, http://www.springframework.org/schema/jee/spring-jee-2.0.xsd=org/springframework/ejb/config/spring-jee-2.0.xsd, http://www.springframework.org/schema/tool/spring-tool-4.3.xsd=org/springframework/beans/factory/xml/spring-tool-4.3.xsd, http://www.springframework.org/schema/tool/spring-tool-2.5.xsd=org/springframework/beans/factory/xml/spring-tool-2.5.xsd, http://www.springframework.org/schema/jee/spring-jee-4.3.xsd=org/springframework/ejb/config/spring-jee-4.3.xsd, http://www.springframework.org/schema/jee/spring-jee-2.5.xsd=org/springframework/ejb/config/spring-jee-2.5.xsd, http://www.springframework.org/schema/util/spring-util-4.0.xsd=org/springframework/beans/factory/xml/spring-util-4.0.xsd, http://www.springframework.org/schema/task/spring-task-3.0.xsd=org/springframework/scheduling/config/spring-task-3.0.xsd, http://www.springframework.org/schema/cache/spring-cache-4.3.xsd=org/springframework/cache/config/spring-cache-4.3.xsd, http://www.springframework.org/schema/aop/spring-aop-4.2.xsd=org/springframework/aop/config/spring-aop-4.2.xsd, http://www.springframework.org/schema/lang/spring-lang.xsd=org/springframework/scripting/config/spring-lang-4.3.xsd, http://www.springframework.org/schema/context/spring-context-3.2.xsd=org/springframework/context/config/spring-context-3.2.xsd, http://www.springframework.org/schema/util/spring-util-3.1.xsd=org/springframework/beans/factory/xml/spring-util-3.1.xsd, http://www.springframework.org/schema/beans/spring-beans-2.0.xsd=org/springframework/beans/factory/xml/spring-beans-2.0.xsd, http://www.springframework.org/schema/cache/spring-cache.xsd=org/springframework/cache/config/spring-cache-4.3.xsd, http://www.springframework.org/schema/lang/spring-lang-4.2.xsd=org/springframework/scripting/config/spring-lang-4.2.xsd, http://www.springframework.org/schema/context/spring-context-4.1.xsd=org/springframework/context/config/spring-context-4.1.xsd, http://www.springframework.org/schema/beans/spring-beans-2.5.xsd=org/springframework/beans/factory/xml/spring-beans-2.5.xsd, http://www.springframework.org/schema/beans/spring-beans-4.3.xsd=org/springframework/beans/factory/xml/spring-beans-4.3.xsd, http://www.springframework.org/schema/tool/spring-tool-4.2.xsd=org/springframework/beans/factory/xml/spring-tool-4.2.xsd, http://www.springframework.org/schema/jee/spring-jee-4.2.xsd=org/springframework/ejb/config/spring-jee-4.2.xsd, http://www.springframework.org/schema/aop/spring-aop.xsd=org/springframework/aop/config/spring-aop-4.3.xsd, http://www.springframework.org/schema/task/spring-task-4.3.xsd=org/springframework/scheduling/config/spring-task-4.3.xsd}
Found XML schema [http://www.springframework.org/schema/beans/spring-beans.xsd] in classpath: org/springframework/beans/factory/xml/spring-beans-4.3.xsd
Found XML schema [http://www.springframework.org/schema/context/spring-context.xsd] in classpath: org/springframework/context/config/spring-context-4.3.xsd
Found XML schema [http://www.springframework.org/schema/tool/spring-tool-4.3.xsd] in classpath: org/springframework/beans/factory/xml/spring-tool-4.3.xsd
Found XML schema [http://www.springframework.org/schema/aop/spring-aop.xsd] in classpath: org/springframework/aop/config/spring-aop-4.3.xsd
Loading bean definitions
Loaded NamespaceHandler mappings: {http://www.springframework.org/schema/p=org.springframework.beans.factory.xml.SimplePropertyNamespaceHandler, http://www.springframework.org/schema/util=org.springframework.beans.factory.xml.UtilNamespaceHandler, http://www.springframework.org/schema/jee=org.springframework.ejb.config.JeeNamespaceHandler, http://www.springframework.org/schema/aop=org.springframework.aop.config.AopNamespaceHandler, http://www.springframework.org/schema/cache=org.springframework.cache.config.CacheNamespaceHandler, http://www.springframework.org/schema/c=org.springframework.beans.factory.xml.SimpleConstructorNamespaceHandler, http://www.springframework.org/schema/task=org.springframework.scheduling.config.TaskNamespaceHandler, http://www.springframework.org/schema/lang=org.springframework.scripting.config.LangNamespaceHandler, http://www.springframework.org/schema/context=org.springframework.context.config.ContextNamespaceHandler}
JSR-250 'javax.annotation.ManagedBean' found and supported for component scanning
Resolved classpath location [com/wmr/springDay02/] to resources [URL [file:/G:/java/workspace/spring_day02/target/classes/com/wmr/springDay02/]]
Looking for matching resources in directory tree [G:\java\workspace\spring_day02\target\classes\com\wmr\springDay02]
Searching directory [G:\java\workspace\spring_day02\target\classes\com\wmr\springDay02] for files matching pattern [G:/java/workspace/spring_day02/target/classes/com/wmr/springDay02/**/*.class]
Searching directory [G:\java\workspace\spring_day02\target\classes\com\wmr\springDay02\aop] for files matching pattern [G:/java/workspace/spring_day02/target/classes/com/wmr/springDay02/**/*.class]
Resolved location pattern [classpath*:com/wmr/springDay02/**/*.class] to resources [file [G:\java\workspace\spring_day02\target\classes\com\wmr\springDay02\aop\AopTest.class], file [G:\java\workspace\spring_day02\target\classes\com\wmr\springDay02\aop\Book.class], file [G:\java\workspace\spring_day02\target\classes\com\wmr\springDay02\aop\Mybook.class], file [G:\java\workspace\spring_day02\target\classes\com\wmr\springDay02\BookDao.class], file [G:\java\workspace\spring_day02\target\classes\com\wmr\springDay02\BookService.class], file [G:\java\workspace\spring_day02\target\classes\com\wmr\springDay02\OrderDao.class], file [G:\java\workspace\spring_day02\target\classes\com\wmr\springDay02\SpringTestDay02.class], file [G:\java\workspace\spring_day02\target\classes\com\wmr\springDay02\User.class], file [G:\java\workspace\spring_day02\target\classes\com\wmr\springDay02\UserDao.class], file [G:\java\workspace\spring_day02\target\classes\com\wmr\springDay02\UserService.class]]
Identified candidate component class: file [G:\java\workspace\spring_day02\target\classes\com\wmr\springDay02\User.class]
Identified candidate component class: file [G:\java\workspace\spring_day02\target\classes\com\wmr\springDay02\UserDao.class]
Identified candidate component class: file [G:\java\workspace\spring_day02\target\classes\com\wmr\springDay02\UserService.class]
Loaded 19 bean definitions from location pattern [\applicationContext.xml]
Bean factory for org.springframework.context.support.ClassPathXmlApplicationContext@6d6849cf: org.springframework.beans.factory.support.DefaultListableBeanFactory@51535b2d: defining beans [user,dao,userService,org.springframework.context.annotation.internalConfigurationAnnotationProcessor,org.springframework.context.annotation.internalAutowiredAnnotationProcessor,org.springframework.context.annotation.internalRequiredAnnotationProcessor,org.springframework.context.annotation.internalCommonAnnotationProcessor,org.springframework.context.event.internalEventListenerProcessor,org.springframework.context.event.internalEventListenerFactory,bookService,bookDao,orderDao,book,myBook,org.springframework.aop.config.internalAutoProxyCreator,pointcut1,org.springframework.aop.aspectj.AspectJPointcutAdvisor#0,org.springframework.aop.aspectj.AspectJPointcutAdvisor#1,org.springframework.aop.aspectj.AspectJPointcutAdvisor#2]; root of factory hierarchy
Creating shared instance of singleton bean 'org.springframework.context.annotation.internalConfigurationAnnotationProcessor'
Creating instance of bean 'org.springframework.context.annotation.internalConfigurationAnnotationProcessor'
Eagerly caching bean 'org.springframework.context.annotation.internalConfigurationAnnotationProcessor' to allow for resolving potential circular references
Finished creating instance of bean 'org.springframework.context.annotation.internalConfigurationAnnotationProcessor'
Creating shared instance of singleton bean 'org.springframework.context.annotation.internalAutowiredAnnotationProcessor'
Creating instance of bean 'org.springframework.context.annotation.internalAutowiredAnnotationProcessor'
Eagerly caching bean 'org.springframework.context.annotation.internalAutowiredAnnotationProcessor' to allow for resolving potential circular references
Finished creating instance of bean 'org.springframework.context.annotation.internalAutowiredAnnotationProcessor'
Creating shared instance of singleton bean 'org.springframework.context.annotation.internalRequiredAnnotationProcessor'
Creating instance of bean 'org.springframework.context.annotation.internalRequiredAnnotationProcessor'
Eagerly caching bean 'org.springframework.context.annotation.internalRequiredAnnotationProcessor' to allow for resolving potential circular references
Finished creating instance of bean 'org.springframework.context.annotation.internalRequiredAnnotationProcessor'
Creating shared instance of singleton bean 'org.springframework.context.annotation.internalCommonAnnotationProcessor'
Creating instance of bean 'org.springframework.context.annotation.internalCommonAnnotationProcessor'
Eagerly caching bean 'org.springframework.context.annotation.internalCommonAnnotationProcessor' to allow for resolving potential circular references
Finished creating instance of bean 'org.springframework.context.annotation.internalCommonAnnotationProcessor'
Creating shared instance of singleton bean 'org.springframework.aop.config.internalAutoProxyCreator'
Creating instance of bean 'org.springframework.aop.config.internalAutoProxyCreator'
Eagerly caching bean 'org.springframework.aop.config.internalAutoProxyCreator' to allow for resolving potential circular references
Finished creating instance of bean 'org.springframework.aop.config.internalAutoProxyCreator'
Unable to locate MessageSource with name 'messageSource': using default [org.springframework.context.support.DelegatingMessageSource@6bd1f8d3]
Unable to locate ApplicationEventMulticaster with name 'applicationEventMulticaster': using default [org.springframework.context.event.SimpleApplicationEventMulticaster@26271bf2]
Pre-instantiating singletons in org.springframework.beans.factory.support.DefaultListableBeanFactory@51535b2d: defining beans [user,dao,userService,org.springframework.context.annotation.internalConfigurationAnnotationProcessor,org.springframework.context.annotation.internalAutowiredAnnotationProcessor,org.springframework.context.annotation.internalRequiredAnnotationProcessor,org.springframework.context.annotation.internalCommonAnnotationProcessor,org.springframework.context.event.internalEventListenerProcessor,org.springframework.context.event.internalEventListenerFactory,bookService,bookDao,orderDao,book,myBook,org.springframework.aop.config.internalAutoProxyCreator,pointcut1,org.springframework.aop.aspectj.AspectJPointcutAdvisor#0,org.springframework.aop.aspectj.AspectJPointcutAdvisor#1,org.springframework.aop.aspectj.AspectJPointcutAdvisor#2]; root of factory hierarchy
Creating shared instance of singleton bean 'dao'
Creating instance of bean 'dao'
Creating shared instance of singleton bean 'org.springframework.aop.aspectj.AspectJPointcutAdvisor#0'
Creating instance of bean 'org.springframework.aop.aspectj.AspectJPointcutAdvisor#0'
Creating instance of bean '(inner bean)#519bc06f'
Creating instance of bean '(inner bean)#4876e144'
Finished creating instance of bean '(inner bean)#4876e144'
Creating instance of bean 'pointcut1'
Finished creating instance of bean 'pointcut1'
Creating instance of bean '(inner bean)#74bf5c86'
Finished creating instance of bean '(inner bean)#74bf5c86'
Finished creating instance of bean '(inner bean)#519bc06f'
Eagerly caching bean 'org.springframework.aop.aspectj.AspectJPointcutAdvisor#0' to allow for resolving potential circular references
Finished creating instance of bean 'org.springframework.aop.aspectj.AspectJPointcutAdvisor#0'
Creating shared instance of singleton bean 'org.springframework.aop.aspectj.AspectJPointcutAdvisor#1'
Creating instance of bean 'org.springframework.aop.aspectj.AspectJPointcutAdvisor#1'
Creating instance of bean '(inner bean)#17f86d6e'
Creating instance of bean '(inner bean)#36d85d0d'
Finished creating instance of bean '(inner bean)#36d85d0d'
Creating instance of bean 'pointcut1'
Finished creating instance of bean 'pointcut1'
Creating instance of bean '(inner bean)#36c51c9c'
Finished creating instance of bean '(inner bean)#36c51c9c'
Finished creating instance of bean '(inner bean)#17f86d6e'
Eagerly caching bean 'org.springframework.aop.aspectj.AspectJPointcutAdvisor#1' to allow for resolving potential circular references
Finished creating instance of bean 'org.springframework.aop.aspectj.AspectJPointcutAdvisor#1'
Creating shared instance of singleton bean 'org.springframework.aop.aspectj.AspectJPointcutAdvisor#2'
Creating instance of bean 'org.springframework.aop.aspectj.AspectJPointcutAdvisor#2'
Creating instance of bean '(inner bean)#6a4e4eec'
Creating instance of bean '(inner bean)#3b1f9e7a'
Finished creating instance of bean '(inner bean)#3b1f9e7a'
Creating instance of bean 'pointcut1'
Finished creating instance of bean 'pointcut1'
Creating instance of bean '(inner bean)#18dd79e9'
Finished creating instance of bean '(inner bean)#18dd79e9'
Finished creating instance of bean '(inner bean)#6a4e4eec'
Eagerly caching bean 'org.springframework.aop.aspectj.AspectJPointcutAdvisor#2' to allow for resolving potential circular references
Finished creating instance of bean 'org.springframework.aop.aspectj.AspectJPointcutAdvisor#2'
Eagerly caching bean 'dao' to allow for resolving potential circular references
Returning cached instance of singleton bean 'org.springframework.aop.aspectj.AspectJPointcutAdvisor#0'
Returning cached instance of singleton bean 'org.springframework.aop.aspectj.AspectJPointcutAdvisor#1'
Returning cached instance of singleton bean 'org.springframework.aop.aspectj.AspectJPointcutAdvisor#2'
Returning cached instance of singleton bean 'org.springframework.aop.aspectj.AspectJPointcutAdvisor#0'
Returning cached instance of singleton bean 'org.springframework.aop.aspectj.AspectJPointcutAdvisor#1'
Returning cached instance of singleton bean 'org.springframework.aop.aspectj.AspectJPointcutAdvisor#2'
Finished creating instance of bean 'dao'
Creating shared instance of singleton bean 'userService'
Creating instance of bean 'userService'
Returning cached instance of singleton bean 'org.springframework.aop.aspectj.AspectJPointcutAdvisor#0'
Returning cached instance of singleton bean 'org.springframework.aop.aspectj.AspectJPointcutAdvisor#1'
Returning cached instance of singleton bean 'org.springframework.aop.aspectj.AspectJPointcutAdvisor#2'
Registered injected element on class [com.wmr.springDay02.UserService]: ResourceElement for private com.wmr.springDay02.UserDao com.wmr.springDay02.UserService.userDao
Eagerly caching bean 'userService' to allow for resolving potential circular references
Processing injected element of bean 'userService': ResourceElement for private com.wmr.springDay02.UserDao com.wmr.springDay02.UserService.userDao
Returning cached instance of singleton bean 'dao'
Returning cached instance of singleton bean 'org.springframework.aop.aspectj.AspectJPointcutAdvisor#0'
Returning cached instance of singleton bean 'org.springframework.aop.aspectj.AspectJPointcutAdvisor#1'
Returning cached instance of singleton bean 'org.springframework.aop.aspectj.AspectJPointcutAdvisor#2'
Returning cached instance of singleton bean 'org.springframework.aop.aspectj.AspectJPointcutAdvisor#0'
Returning cached instance of singleton bean 'org.springframework.aop.aspectj.AspectJPointcutAdvisor#1'
Returning cached instance of singleton bean 'org.springframework.aop.aspectj.AspectJPointcutAdvisor#2'
Finished creating instance of bean 'userService'
Returning cached instance of singleton bean 'org.springframework.context.annotation.internalConfigurationAnnotationProcessor'
Returning cached instance of singleton bean 'org.springframework.context.annotation.internalAutowiredAnnotationProcessor'
Returning cached instance of singleton bean 'org.springframework.context.annotation.internalRequiredAnnotationProcessor'
Returning cached instance of singleton bean 'org.springframework.context.annotation.internalCommonAnnotationProcessor'
Creating shared instance of singleton bean 'org.springframework.context.event.internalEventListenerProcessor'
Creating instance of bean 'org.springframework.context.event.internalEventListenerProcessor'
Returning cached instance of singleton bean 'org.springframework.aop.aspectj.AspectJPointcutAdvisor#0'
Returning cached instance of singleton bean 'org.springframework.aop.aspectj.AspectJPointcutAdvisor#1'
Returning cached instance of singleton bean 'org.springframework.aop.aspectj.AspectJPointcutAdvisor#2'
Eagerly caching bean 'org.springframework.context.event.internalEventListenerProcessor' to allow for resolving potential circular references
Returning cached instance of singleton bean 'org.springframework.aop.aspectj.AspectJPointcutAdvisor#0'
Returning cached instance of singleton bean 'org.springframework.aop.aspectj.AspectJPointcutAdvisor#1'
Returning cached instance of singleton bean 'org.springframework.aop.aspectj.AspectJPointcutAdvisor#2'
Returning cached instance of singleton bean 'org.springframework.aop.aspectj.AspectJPointcutAdvisor#0'
Returning cached instance of singleton bean 'org.springframework.aop.aspectj.AspectJPointcutAdvisor#1'
Returning cached instance of singleton bean 'org.springframework.aop.aspectj.AspectJPointcutAdvisor#2'
Finished creating instance of bean 'org.springframework.context.event.internalEventListenerProcessor'
Creating shared instance of singleton bean 'org.springframework.context.event.internalEventListenerFactory'
Creating instance of bean 'org.springframework.context.event.internalEventListenerFactory'
Returning cached instance of singleton bean 'org.springframework.aop.aspectj.AspectJPointcutAdvisor#0'
Returning cached instance of singleton bean 'org.springframework.aop.aspectj.AspectJPointcutAdvisor#1'
Returning cached instance of singleton bean 'org.springframework.aop.aspectj.AspectJPointcutAdvisor#2'
Eagerly caching bean 'org.springframework.context.event.internalEventListenerFactory' to allow for resolving potential circular references
Returning cached instance of singleton bean 'org.springframework.aop.aspectj.AspectJPointcutAdvisor#0'
Returning cached instance of singleton bean 'org.springframework.aop.aspectj.AspectJPointcutAdvisor#1'
Returning cached instance of singleton bean 'org.springframework.aop.aspectj.AspectJPointcutAdvisor#2'
Returning cached instance of singleton bean 'org.springframework.aop.aspectj.AspectJPointcutAdvisor#0'
Returning cached instance of singleton bean 'org.springframework.aop.aspectj.AspectJPointcutAdvisor#1'
Returning cached instance of singleton bean 'org.springframework.aop.aspectj.AspectJPointcutAdvisor#2'
Finished creating instance of bean 'org.springframework.context.event.internalEventListenerFactory'
Creating shared instance of singleton bean 'bookService'
Creating instance of bean 'bookService'
Returning cached instance of singleton bean 'org.springframework.aop.aspectj.AspectJPointcutAdvisor#0'
Returning cached instance of singleton bean 'org.springframework.aop.aspectj.AspectJPointcutAdvisor#1'
Returning cached instance of singleton bean 'org.springframework.aop.aspectj.AspectJPointcutAdvisor#2'
Registered injected element on class [com.wmr.springDay02.BookService]: ResourceElement for private com.wmr.springDay02.BookDao com.wmr.springDay02.BookService.bookDao
Registered injected element on class [com.wmr.springDay02.BookService]: ResourceElement for private com.wmr.springDay02.OrderDao com.wmr.springDay02.BookService.orderDao
Eagerly caching bean 'bookService' to allow for resolving potential circular references
Processing injected element of bean 'bookService': ResourceElement for private com.wmr.springDay02.BookDao com.wmr.springDay02.BookService.bookDao
Creating shared instance of singleton bean 'bookDao'
Creating instance of bean 'bookDao'
Returning cached instance of singleton bean 'org.springframework.aop.aspectj.AspectJPointcutAdvisor#0'
Returning cached instance of singleton bean 'org.springframework.aop.aspectj.AspectJPointcutAdvisor#1'
Returning cached instance of singleton bean 'org.springframework.aop.aspectj.AspectJPointcutAdvisor#2'
Eagerly caching bean 'bookDao' to allow for resolving potential circular references
Returning cached instance of singleton bean 'org.springframework.aop.aspectj.AspectJPointcutAdvisor#0'
Returning cached instance of singleton bean 'org.springframework.aop.aspectj.AspectJPointcutAdvisor#1'
Returning cached instance of singleton bean 'org.springframework.aop.aspectj.AspectJPointcutAdvisor#2'
Returning cached instance of singleton bean 'org.springframework.aop.aspectj.AspectJPointcutAdvisor#0'
Returning cached instance of singleton bean 'org.springframework.aop.aspectj.AspectJPointcutAdvisor#1'
Returning cached instance of singleton bean 'org.springframework.aop.aspectj.AspectJPointcutAdvisor#2'
Finished creating instance of bean 'bookDao'
Processing injected element of bean 'bookService': ResourceElement for private com.wmr.springDay02.OrderDao com.wmr.springDay02.BookService.orderDao
Creating shared instance of singleton bean 'orderDao'
Creating instance of bean 'orderDao'
Returning cached instance of singleton bean 'org.springframework.aop.aspectj.AspectJPointcutAdvisor#0'
Returning cached instance of singleton bean 'org.springframework.aop.aspectj.AspectJPointcutAdvisor#1'
Returning cached instance of singleton bean 'org.springframework.aop.aspectj.AspectJPointcutAdvisor#2'
Eagerly caching bean 'orderDao' to allow for resolving potential circular references
Returning cached instance of singleton bean 'org.springframework.aop.aspectj.AspectJPointcutAdvisor#0'
Returning cached instance of singleton bean 'org.springframework.aop.aspectj.AspectJPointcutAdvisor#1'
Returning cached instance of singleton bean 'org.springframework.aop.aspectj.AspectJPointcutAdvisor#2'
Returning cached instance of singleton bean 'org.springframework.aop.aspectj.AspectJPointcutAdvisor#0'
Returning cached instance of singleton bean 'org.springframework.aop.aspectj.AspectJPointcutAdvisor#1'
Returning cached instance of singleton bean 'org.springframework.aop.aspectj.AspectJPointcutAdvisor#2'
Finished creating instance of bean 'orderDao'
Returning cached instance of singleton bean 'org.springframework.aop.aspectj.AspectJPointcutAdvisor#0'
Returning cached instance of singleton bean 'org.springframework.aop.aspectj.AspectJPointcutAdvisor#1'
Returning cached instance of singleton bean 'org.springframework.aop.aspectj.AspectJPointcutAdvisor#2'
Returning cached instance of singleton bean 'org.springframework.aop.aspectj.AspectJPointcutAdvisor#0'
Returning cached instance of singleton bean 'org.springframework.aop.aspectj.AspectJPointcutAdvisor#1'
Returning cached instance of singleton bean 'org.springframework.aop.aspectj.AspectJPointcutAdvisor#2'
Finished creating instance of bean 'bookService'
Returning cached instance of singleton bean 'bookDao'
Returning cached instance of singleton bean 'orderDao'
Creating shared instance of singleton bean 'book'
Creating instance of bean 'book'
Returning cached instance of singleton bean 'org.springframework.aop.aspectj.AspectJPointcutAdvisor#0'
Returning cached instance of singleton bean 'org.springframework.aop.aspectj.AspectJPointcutAdvisor#1'
Returning cached instance of singleton bean 'org.springframework.aop.aspectj.AspectJPointcutAdvisor#2'
Eagerly caching bean 'book' to allow for resolving potential circular references
Returning cached instance of singleton bean 'org.springframework.aop.aspectj.AspectJPointcutAdvisor#0'
Returning cached instance of singleton bean 'org.springframework.aop.aspectj.AspectJPointcutAdvisor#1'
Returning cached instance of singleton bean 'org.springframework.aop.aspectj.AspectJPointcutAdvisor#2'
Returning cached instance of singleton bean 'org.springframework.aop.aspectj.AspectJPointcutAdvisor#0'
Returning cached instance of singleton bean 'org.springframework.aop.aspectj.AspectJPointcutAdvisor#1'
Returning cached instance of singleton bean 'org.springframework.aop.aspectj.AspectJPointcutAdvisor#2'
Creating implicit proxy for bean 'book' with 0 common interceptors and 4 specific interceptors
Creating CGLIB proxy: target source is SingletonTargetSource for target object [com.wmr.springDay02.aop.Book@59567243]
Finished creating instance of bean 'book'
Creating shared instance of singleton bean 'myBook'
Creating instance of bean 'myBook'
Returning cached instance of singleton bean 'org.springframework.aop.aspectj.AspectJPointcutAdvisor#0'
Returning cached instance of singleton bean 'org.springframework.aop.aspectj.AspectJPointcutAdvisor#1'
Returning cached instance of singleton bean 'org.springframework.aop.aspectj.AspectJPointcutAdvisor#2'
Eagerly caching bean 'myBook' to allow for resolving potential circular references
Finished creating instance of bean 'myBook'
Returning cached instance of singleton bean 'org.springframework.aop.config.internalAutoProxyCreator'
Returning cached instance of singleton bean 'org.springframework.aop.aspectj.AspectJPointcutAdvisor#0'
Returning cached instance of singleton bean 'org.springframework.aop.aspectj.AspectJPointcutAdvisor#1'
Returning cached instance of singleton bean 'org.springframework.aop.aspectj.AspectJPointcutAdvisor#2'
Returning cached instance of singleton bean 'org.springframework.context.event.internalEventListenerFactory'
Unable to locate LifecycleProcessor with name 'lifecycleProcessor': using default [org.springframework.context.support.DefaultLifecycleProcessor@3a67ba87]
Returning cached instance of singleton bean 'lifecycleProcessor'
Could not find key 'spring.liveBeansView.mbeanDomain' in any property source
Returning cached instance of singleton bean 'book'
Returning cached instance of singleton bean 'myBook'
Returning cached instance of singleton bean 'myBook'
Returning cached instance of singleton bean 'myBook'
